Arguments: 
  C:\Program Files\nodejs\node.exe C:\Program Files (x86)\Yarn\bin\yarn.js add ionicon

PATH: 
  C:\Program Files\Git\mingw64\bin;C:\Program Files\Git\usr\bin;C:\Users\Fabie\bin;C:\Python38\Scripts;C:\Python38;C:\Program Files (x86)\Common Files\Oracle\Java\javapath;C:\Program Files\ImageMagick-7.0.10-Q16;C:\Program Files (x86)\Intel\Intel(R) Management Engine Components\iCLS;C:\Program Files\Intel\Intel(R) Management Engine Components\iCLS;C:\Windows\system32;C:\Windows;C:\Windows\System32\Wbem;C:\Windows\System32\WindowsPowerShell\v1.0;C:\Windows\System32\OpenSSH;C:\Program Files (x86)\Intel\Intel(R) Management Engine Components\DAL;C:\Program Files\Intel\Intel(R) Management Engine Components\DAL;C:\Program Files (x86)\Intel\Intel(R) Management Engine Components\IPT;C:\Program Files\Intel\Intel(R) Management Engine Components\IPT;C:\Program Files (x86)\NVIDIA Corporation\PhysX\Common;C:\Program Files\NVIDIA Corporation\NVIDIA NvDLISR;C:\WINDOWS\system32;C:\WINDOWS;C:\WINDOWS\System32\Wbem;C:\WINDOWS\System32\WindowsPowerShell\v1.0;C:\WINDOWS\System32\OpenSSH;C:\wamp64\bin\php\php7.3.1;C:\composer;C:\Program Files\Git\cmd;C:\Windows\System32\bash.exe;C:\ProgramData\ComposerSetup\bin;C:\Gradle\gradle-5.6.2\bin;C:\Users\Fabie\AppData\Local\Android\Sdk\platform-tools;C:\Users\Fabie\AppData\Local\Android\Sdk\tools;D:\all-exe\mkcert.exe;C:\wamp\www\bin\php\php7.3.1\ext;D:\Program Files\PuTTY;C:\Programm Files\Symfony;C:\Program Files\Symfony;C:\Program Files (x86)\Yarn\bin;C:\Program Files\PostgreSQL\9.4\bin;C:\Program Files\Java\jdk1.8.0_251\bin;D:\android-sdk\tools;D:\android-sdk\emulator;D:\android-sdk\platform-tools;D:\android-sdk\gradle-4.9\bin;C:\Program Files\Java\jre1.8.0_251\bin;D:\android-sdk\tools\bin;C:\Program Files (x86)\GitExtensions;C:\Program Files\nodejs;C:\ProgramData\chocolatey\bin;C:\Ruby26-x64\bin;C:\Users\Fabie\AppData\Local\Microsoft\WindowsApps;C:\Users\Fabie\AppData\Local\Programs\Microsoft VS Code\bin;C:\Users\Fabie\AppData\Roaming\Composer\vendor\bin;C:\Program Files (x86)\dart-sass;C:\wamp64\bin\mysql\mysql5.7.24\bin;D:\all-exe\mkcert.exe;C:\Users\Fabie\AppData\Local\atom\bin;C:\Program Files (x86)\GitHub CLI;C:\Users\Fabie\AppData\Local\Yarn\bin;C:\ms4w\tools\gdal-ogr;C:\Users\Fabie\AppData\Roaming\npm

Yarn version: 
  1.22.4

Node version: 
  12.18.3

Platform: 
  win32 x64

Trace: 
  Error: https://registry.yarnpkg.com/ionicon: Not found
      at Request.params.callback [as _callback] (C:\Program Files (x86)\Yarn\lib\cli.js:66096:18)
      at Request.self.callback (C:\Program Files (x86)\Yarn\lib\cli.js:140748:22)
      at Request.emit (events.js:315:20)
      at Request.<anonymous> (C:\Program Files (x86)\Yarn\lib\cli.js:141720:10)
      at Request.emit (events.js:315:20)
      at IncomingMessage.<anonymous> (C:\Program Files (x86)\Yarn\lib\cli.js:141642:12)
      at Object.onceWrapper (events.js:421:28)
      at IncomingMessage.emit (events.js:327:22)
      at endReadableNT (_stream_readable.js:1220:12)
      at processTicksAndRejections (internal/process/task_queues.js:84:21)

npm manifest: 
  {
    "dependencies": {
      "bootstrap": "^5.0.0-alpha1"
    }
  }

yarn manifest: 
  No manifest

Lockfile: 
  # THIS IS AN AUTOGENERATED FILE. DO NOT EDIT THIS FILE DIRECTLY.
  # yarn lockfile v1
  
  
  bootstrap@^5.0.0-alpha1:
    version "5.0.0-alpha1"
    resolved "https://registry.yarnpkg.com/bootstrap/-/bootstrap-5.0.0-alpha1.tgz#cd35be4282bc930322bcbf1db23a8729c60a31cb"
    integrity sha512-iwKneP2pLXl8lN0YpnOuOARiNPTzmh/4cw+Un86u4OqrMLuQpyMC7nO07hvivvcg0B/ektJPjuPnS1s+YmRK9A==
